localhost@TTY: hello
Intello: What Can I Call You?
[04/19/2017 19:19:52]
localhost@TTY: nitesh
Intello: Oh, hello again! nitesh. Myself INTELLO. I can answer your queries regarding taking admission in SSCBS.
[04/19/2017 19:21:27]
localhost@TTY: submit a query
Intello: PLEASE WRITE YOUR QUERIES BELOW!!!!.
[04/19/2017 19:21:34]
localhost@TTY: tu kali hai 
Intello: YOUR QUERY HAS BEEN RECORDED. I WILL INFORM MY BOTMASTER KONAG ABOUT THE EVENT.
[04/19/2017 19:22:10]
localhost@TTY: lolz
Intello: 
[04/19/2017 19:22:12]
localhost@TTY: lol
Intello: I'm glad you find this amusing.
[04/19/2017 19:22:16]
localhost@TTY: lolz
Intello: 
